{
  "uid" : "9f297d34b5f1eee7",
  "name" : "test_delete_pet",
  "fullName" : "tests.test_kate.test_delete_pets.TestDeletePets#test_delete_pet",
  "historyId" : "56a8cb28eab33f938e0ce7d4cad9c4f2",
  "time" : {
    "start" : 1698884949165,
    "stop" : 1698884949435,
    "duration" : 270
  },
  "status" : "failed",
  "statusMessage" : "AssertionError: Status code is not 200, status code is 500\nassert 500 == 200\n +  where 500 = <Response [500]>.status_code",
  "statusTrace" : "self = <tests.test_kate.test_delete_pets.TestDeletePets object at 0x7f43447e27d0>\n\n    @allure.title('test_delete_pet')\n    def test_delete_pet(self):\n        url = f'{self.url.URL_PET}/13876545'\n        response = MyRequests().delete(url)\n>       assert response.status_code == 200, f'Status code is not 200, status code is {response.status_code}'\nE       AssertionError: Status code is not 200, status code is 500\nE       assert 500 == 200\nE        +  where 500 = <Response [500]>.status_code\n\ntests/test_kate/test_delete_pets.py:16: AssertionError",
  "flaky" : false,
  "newFailed" : false,
  "beforeStages" : [ {
    "name" : "_session_faker",
    "time" : {
      "start" : 1698884946801,
      "stop" : 1698884946819,
      "duration" : 18
    },
    "status" : "passed",
    "steps" : [ ],
    "attachments" : [ ],
    "parameters" : [ ],
    "stepsCount" : 0,
    "attachmentsCount" : 0,
    "shouldDisplayMessage" : false,
    "hasContent" : false
  } ],
  "testStage" : {
    "status" : "failed",
    "statusMessage" : "AssertionError: Status code is not 200, status code is 500\nassert 500 == 200\n +  where 500 = <Response [500]>.status_code",
    "statusTrace" : "self = <tests.test_kate.test_delete_pets.TestDeletePets object at 0x7f43447e27d0>\n\n    @allure.title('test_delete_pet')\n    def test_delete_pet(self):\n        url = f'{self.url.URL_PET}/13876545'\n        response = MyRequests().delete(url)\n>       assert response.status_code == 200, f'Status code is not 200, status code is {response.status_code}'\nE       AssertionError: Status code is not 200, status code is 500\nE       assert 500 == 200\nE        +  where 500 = <Response [500]>.status_code\n\ntests/test_kate/test_delete_pets.py:16: AssertionError",
    "steps" : [ ],
    "attachments" : [ {
      "uid" : "31c25b8eea78183",
      "name" : "log",
      "source" : "31c25b8eea78183.txt",
      "type" : "text/plain",
      "size" : 73
    } ],
    "parameters" : [ ],
    "stepsCount" : 0,
    "attachmentsCount" : 1,
    "shouldDisplayMessage" : true,
    "hasContent" : true
  },
  "afterStages" : [ ],
  "labels" : [ {
    "name" : "epic",
    "value" : "Test delete pets"
  }, {
    "name" : "parentSuite",
    "value" : "tests.test_kate"
  }, {
    "name" : "suite",
    "value" : "test_delete_pets"
  }, {
    "name" : "subSuite",
    "value" : "TestDeletePets"
  }, {
    "name" : "host",
    "value" : "fv-az409-651"
  }, {
    "name" : "thread",
    "value" : "2324-MainThread"
  }, {
    "name" : "framework",
    "value" : "pytest"
  }, {
    "name" : "language",
    "value" : "cpython3"
  }, {
    "name" : "package",
    "value" : "tests.test_kate.test_delete_pets"
  }, {
    "name" : "resultFormat",
    "value" : "allure2"
  } ],
  "parameters" : [ ],
  "links" : [ ],
  "hidden" : false,
  "retry" : false,
  "extra" : {
    "severity" : "normal",
    "retries" : [ ],
    "categories" : [ {
      "name" : "Product defects",
      "matchedStatuses" : [ ],
      "flaky" : false
    } ],
    "tags" : [ ]
  },
  "source" : "9f297d34b5f1eee7.json",
  "parameterValues" : [ ]
}