{
  "uid" : "ec14d08b0e4434ad",
  "name" : "Create pet > Expected pet values in response",
  "fullName" : "tests.test_vera.test_pets_post.TestPostAddPet#test_add_pet_id_in_response",
  "historyId" : "64a405546270b1477a9e77a9ec2b5a34",
  "time" : {
    "start" : 1698884966167,
    "stop" : 1698884966407,
    "duration" : 240
  },
  "description" : "\n        The test checks values in json response for the created pet\n        :param pet_data\n        :return: valid pet values in response\n        ",
  "descriptionHtml" : "<pre><code>    The test checks values in json response for the created pet\n    :param pet_data\n    :return: valid pet values in response\n</code></pre>\n",
  "status" : "failed",
  "statusMessage" : "AssertionError: response JSON doesn't have key 'name'",
  "statusTrace" : "self = <tests.test_vera.test_pets_post.TestPostAddPet object at 0x7f4344716fd0>\nheaders = {'Content-Type': 'application/json', 'accept': 'application/json'}\npet_data = {'category': {'id': 40197211, 'name': 'Chartreux'}, 'id': '9223372016900083601', 'name': 'Milo', 'photoUrls': ['https://example.com/image1.jpg'], ...}\n\n    @allure.title(\"Create pet > Expected pet values in response\")\n    def test_add_pet_id_in_response(self, headers, pet_data):\n        \"\"\"\n        The test checks values in json response for the created pet\n        :param pet_data\n        :return: valid pet values in response\n        \"\"\"\n        pet_data['id'] = pet[\"pet_id\"]\n        response = MyRequests.post(\n            self.url.PET,\n            pet_data,\n            headers=headers)\n        for key, expected_value in pet_data.items():\n            actual_value = response.json().get(key)\n            if isinstance(actual_value, int) and isinstance(expected_value, str):\n                expected_value = int(expected_value)\n>           self.assertions.assert_json_value_by_name(response, key, expected_value,\n                                                      f\"Incorrect pet {expected_value} in the response\")\n\ntests/test_vera/test_pets_post.py:112: \n_ _ _ _ _ _ _ _ _ _ _ _ _ _ _ _ _ _ _ _ _ _ _ _ _ _ _ _ _ _ _ _ _ _ _ _ _ _ _ _ \n\nresponse = <Response [500]>, name = 'name', expected_value = 'Milo'\nerror_message = 'Incorrect pet Milo in the response'\n\n    @staticmethod\n    def assert_json_value_by_name(response: Response, name, expected_value, error_message):\n        try:\n            response_json = response.json()\n>           assert name in response_json, f\"\"\"response JSON doesn't have key '{name}'\"\"\"\nE           AssertionError: response JSON doesn't have key 'name'\n\nsrc/utils/assertions.py:47: AssertionError",
  "flaky" : false,
  "newFailed" : false,
  "beforeStages" : [ {
    "name" : "pet_data",
    "time" : {
      "start" : 1698884966166,
      "stop" : 1698884966166,
      "duration" : 0
    },
    "status" : "passed",
    "steps" : [ ],
    "attachments" : [ ],
    "parameters" : [ ],
    "stepsCount" : 0,
    "attachmentsCount" : 0,
    "shouldDisplayMessage" : false,
    "hasContent" : false
  }, {
    "name" : "_session_faker",
    "time" : {
      "start" : 1698884946801,
      "stop" : 1698884946819,
      "duration" : 18
    },
    "status" : "passed",
    "steps" : [ ],
    "attachments" : [ ],
    "parameters" : [ ],
    "stepsCount" : 0,
    "attachmentsCount" : 0,
    "shouldDisplayMessage" : false,
    "hasContent" : false
  }, {
    "name" : "headers",
    "time" : {
      "start" : 1698884966166,
      "stop" : 1698884966166,
      "duration" : 0
    },
    "status" : "passed",
    "steps" : [ ],
    "attachments" : [ ],
    "parameters" : [ ],
    "stepsCount" : 0,
    "attachmentsCount" : 0,
    "shouldDisplayMessage" : false,
    "hasContent" : false
  } ],
  "testStage" : {
    "description" : "\n        The test checks values in json response for the created pet\n        :param pet_data\n        :return: valid pet values in response\n        ",
    "status" : "failed",
    "statusMessage" : "AssertionError: response JSON doesn't have key 'name'",
    "statusTrace" : "self = <tests.test_vera.test_pets_post.TestPostAddPet object at 0x7f4344716fd0>\nheaders = {'Content-Type': 'application/json', 'accept': 'application/json'}\npet_data = {'category': {'id': 40197211, 'name': 'Chartreux'}, 'id': '9223372016900083601', 'name': 'Milo', 'photoUrls': ['https://example.com/image1.jpg'], ...}\n\n    @allure.title(\"Create pet > Expected pet values in response\")\n    def test_add_pet_id_in_response(self, headers, pet_data):\n        \"\"\"\n        The test checks values in json response for the created pet\n        :param pet_data\n        :return: valid pet values in response\n        \"\"\"\n        pet_data['id'] = pet[\"pet_id\"]\n        response = MyRequests.post(\n            self.url.PET,\n            pet_data,\n            headers=headers)\n        for key, expected_value in pet_data.items():\n            actual_value = response.json().get(key)\n            if isinstance(actual_value, int) and isinstance(expected_value, str):\n                expected_value = int(expected_value)\n>           self.assertions.assert_json_value_by_name(response, key, expected_value,\n                                                      f\"Incorrect pet {expected_value} in the response\")\n\ntests/test_vera/test_pets_post.py:112: \n_ _ _ _ _ _ _ _ _ _ _ _ _ _ _ _ _ _ _ _ _ _ _ _ _ _ _ _ _ _ _ _ _ _ _ _ _ _ _ _ \n\nresponse = <Response [500]>, name = 'name', expected_value = 'Milo'\nerror_message = 'Incorrect pet Milo in the response'\n\n    @staticmethod\n    def assert_json_value_by_name(response: Response, name, expected_value, error_message):\n        try:\n            response_json = response.json()\n>           assert name in response_json, f\"\"\"response JSON doesn't have key '{name}'\"\"\"\nE           AssertionError: response JSON doesn't have key 'name'\n\nsrc/utils/assertions.py:47: AssertionError",
    "steps" : [ ],
    "attachments" : [ {
      "uid" : "903b3478734f95bd",
      "name" : "log",
      "source" : "903b3478734f95bd.txt",
      "type" : "text/plain",
      "size" : 328
    } ],
    "parameters" : [ ],
    "stepsCount" : 0,
    "attachmentsCount" : 1,
    "shouldDisplayMessage" : true,
    "hasContent" : true
  },
  "afterStages" : [ ],
  "labels" : [ {
    "name" : "epic",
    "value" : "POST: Add a new pet to the store"
  }, {
    "name" : "parentSuite",
    "value" : "tests.test_vera"
  }, {
    "name" : "suite",
    "value" : "test_pets_post"
  }, {
    "name" : "subSuite",
    "value" : "TestPostAddPet"
  }, {
    "name" : "host",
    "value" : "fv-az409-651"
  }, {
    "name" : "thread",
    "value" : "2324-MainThread"
  }, {
    "name" : "framework",
    "value" : "pytest"
  }, {
    "name" : "language",
    "value" : "cpython3"
  }, {
    "name" : "package",
    "value" : "tests.test_vera.test_pets_post"
  }, {
    "name" : "resultFormat",
    "value" : "allure2"
  } ],
  "parameters" : [ ],
  "links" : [ ],
  "hidden" : false,
  "retry" : false,
  "extra" : {
    "severity" : "normal",
    "retries" : [ ],
    "categories" : [ {
      "name" : "Product defects",
      "matchedStatuses" : [ ],
      "flaky" : false
    } ],
    "tags" : [ ]
  },
  "source" : "ec14d08b0e4434ad.json",
  "parameterValues" : [ ]
}